Arguments: 
  C:\Program Files\nodejs\node.exe C:\Program Files\nodejs\node_modules\yarn\bin\yarn.js install

PATH: 
  C:\WINDOWS\system32;C:\WINDOWS;C:\WINDOWS\System32\Wbem;C:\WINDOWS\System32\WindowsPowerShell\v1.0\;C:\WINDOWS\System32\OpenSSH\;%NVM_HOME%;%NVM_SYMLINK%;C:\Program Files\Git\cmd;C:\Users\admin\AppData\Local\Microsoft\WindowsApps;C:\Users\admin\AppData\Local\Programs\Microsoft VS Code\bin;C:\Users\admin\AppData\Roaming\nvm;C:\Program Files\nodejs;C:\Users\admin\.fly\bin

Yarn version: 
  1.22.19

Node version: 
  19.4.0

Platform: 
  win32 x64

Trace: 
  Error: https://registry.yarnpkg.com/core-js/-/core-js-2.6.12.tgz: ESOCKETTIMEDOUT
      at ClientRequest.<anonymous> (C:\Users\admin\AppData\Roaming\nvm\v19.4.0\node_modules\yarn\lib\cli.js:141517:19)
      at Object.onceWrapper (node:events:627:28)
      at ClientRequest.emit (node:events:513:28)
      at TLSSocket.emitRequestTimeout (node:_http_client:833:9)
      at Object.onceWrapper (node:events:627:28)
      at TLSSocket.emit (node:events:525:35)
      at Socket._onTimeout (node:net:565:8)
      at listOnTimeout (node:internal/timers:564:17)
      at process.processTimers (node:internal/timers:507:7)

npm manifest: 
  {
    "name": "fic-backend",
    "version": "1.0.0",
    "description": "",
    "main": "index.js",
    "scripts": {
      "test": "echo \"Error: no test specified\" && exit 1",
      "build": "tsc",
      "start:prod": "node serverDist/index.js"
    },
    "author": "LudwigNordfeldt",
    "license": "ISC",
    "dependencies": {
      "@angular/animations": "^16.1.8",
      "@angular/common": "^16.1.8",
      "@angular/compiler": "^16.1.8",
      "@angular/core": "^16.1.8",
      "@angular/fire": "^7.6.1",
      "@angular/forms": "^16.1.8",
      "@angular/material": "^16.1.7",
      "@angular/platform-browser": "^16.1.8",
      "@angular/platform-browser-dynamic": "^16.1.8",
      "@angular/router": "^16.1.8",
      "angular": "^1.8.3",
      "babel-polyfill": "^6.26.0",
      "body-parser": "^1.20.2",
      "buffer-alloc": "^1.2.0",
      "bufferutil": "^4.0.7",
      "child_process": "^1.0.2",
      "constants-browserify": "^1.0.0",
      "express": "^4.18.2",
      "module": "^1.2.5",
      "ngrok": "^5.0.0-beta.2",
      "ngx-pagination": "^6.0.3",
      "puppeteer": "^21.0.1",
      "puppeteer-extra": "^3.3.6",
      "puppeteer-extra-plugin-stealth": "^2.11.2",
      "puppeteer-jquery": "^0.3.4",
      "readline": "^1.3.0",
      "rxjs": "~7.8.1",
      "tslib": "^2.6.1",
      "utf-8-validate": "^6.0.3",
      "webpack-node-externals": "^3.0.0",
      "ws": "^8.13.0",
      "yarn": "^1.22.19",
      "zone.js": "^0.13.1"
    },
    "devDependencies": {
      "@angular-devkit/build-angular": "^16.1.8",
      "@angular/cli": "~16.1.8",
      "@angular/compiler-cli": "^16.1.8",
      "@flydotio/dockerfile": "^0.4.3",
      "@types/express": "^4.17.17",
      "@types/jasmine": "~4.3.5",
      "@types/node": "^20.4.8",
      "assert": "^2.0.0",
      "buffer": "^6.0.3",
      "concurrently": "^8.2.0",
      "crypto-browserify": "^3.12.0",
      "fs": "^0.0.1-security",
      "https-browserify": "^1.0.0",
      "jasmine-core": "~5.1.0",
      "karma": "~6.4.2",
      "karma-chrome-launcher": "~3.2.0",
      "karma-coverage": "~2.2.1",
      "karma-jasmine": "~5.1.0",
      "karma-jasmine-html-reporter": "~2.1.0",
      "net": "^1.0.2",
      "os-browserify": "^0.3.0",
      "path-browserify": "^1.0.1",
      "process": "^0.11.10",
      "stream-browserify": "^3.0.0",
      "stream-http": "^3.2.0",
      "tls": "^0.0.1",
      "ts-node": "^10.9.1",
      "ts-node-dev": "^2.0.0",
      "typescript": "^5.1.6",
      "url": "^0.11.1",
      "util": "^0.12.5",
      "zlib": "^1.0.5"
    }
  }

yarn manifest: 
  No manifest

Lockfile: 
  No lockfile
